<!DOCTYPE html PUBLIC "-//W3C//DTD XHTML 1.1//EN" "http://www.w3.org/TR/xhtml11/DTD/xhtml11.dtd">
<html xmlns="http://www.w3.org/1999/xhtml">
<head>
<meta http-equiv="content-type" content="text/html; charset=UTF-8"/>
<title>TestNG Report</title>
<style type="text/css">table {margin-bottom:10px;border-collapse:collapse;empty-cells:show}th,td {border:1px solid #009;padding:.25em .5em}th {vertical-align:bottom}td {vertical-align:top}table a {font-weight:bold}.stripe td {background-color: #E6EBF9}.num {text-align:right}.passedodd td {background-color: #3F3}.passedeven td {background-color: #0A0}.skippedodd td {background-color: #DDD}.skippedeven td {background-color: #CCC}.failedodd td,.attn {background-color: #F33}.failedeven td,.stripe .attn {background-color: #D00}.stacktrace {white-space:pre;font-family:monospace}.totop {font-size:85%;text-align:center;border-bottom:2px solid #000}.invisible {display:none}</style>
</head>
<body>
<table>
<tr><th>Test</th><th># Passed</th><th># Skipped</th><th># Failed</th><th>Time (ms)</th><th>Included Groups</th><th>Excluded Groups</th></tr>
<tr><th colspan="7">ParallelAutomation</th></tr>
<tr><td><a href="#t0">edge_local</a></td><td class="num">0</td><td class="num attn">1</td><td class="num">0</td><td class="num">11,276</td><td></td><td></td></tr>
<tr class="stripe"><td><a href="#t1">safari_cloud</a></td><td class="num">1</td><td class="num">0</td><td class="num">0</td><td class="num">16,845</td><td></td><td></td></tr>
<tr><td><a href="#t2">chrome_local</a></td><td class="num">1</td><td class="num">0</td><td class="num">0</td><td class="num">32,192</td><td></td><td></td></tr>
<tr class="stripe"><td><a href="#t3">Fiefox_local</a></td><td class="num">1</td><td class="num">0</td><td class="num">0</td><td class="num">33,713</td><td></td><td></td></tr>
<tr><th>Total</th><th class="num">3</th><th class="num attn">1</th><th class="num">0</th><th class="num">94,026</th><th colspan="2"></th></tr>
</table>
<table id='summary'><thead><tr><th>Class</th><th>Method</th><th>Start</th><th>Time (ms)</th></tr></thead><tbody><tr><th colspan="4">ParallelAutomation</th></tr></tbody><tbody id="t0"><tr><th colspan="4">edge_local &#8212; failed (configuration methods)</th></tr><tr class="failedeven"><td rowspan="1">com.automationcalling.testsuites.BasicTests</td><td><a href="#m0">init</a></td><td rowspan="1">1563604791888</td><td rowspan="1">11230</td></tr><tr><th colspan="4">edge_local &#8212; skipped (configuration methods)</th></tr><tr class="skippedeven"><td rowspan="1">com.automationcalling.testsuites.BasicTests</td><td><a href="#m1">tearDown</a></td><td rowspan="1">1563604803149</td><td rowspan="1">0</td></tr><tr><th colspan="4">edge_local &#8212; skipped</th></tr><tr class="skippedeven"><td rowspan="1">com.automationcalling.testsuites.BasicTests</td><td><a href="#m2">articleLinkTest</a></td><td rowspan="1">1563604803149</td><td rowspan="1">0</td></tr></tbody>
<tbody id="t1"><tr><th colspan="4">safari_cloud &#8212; passed</th></tr><tr class="passedeven"><td rowspan="1">com.automationcalling.testsuites.BasicTests</td><td><a href="#m3">articleLinkTest</a></td><td rowspan="1">1563604807327</td><td rowspan="1">1212</td></tr></tbody>
<tbody id="t2"><tr><th colspan="4">chrome_local &#8212; passed</th></tr><tr class="passedeven"><td rowspan="1">com.automationcalling.testsuites.BasicTests</td><td><a href="#m4">articleLinkTest</a></td><td rowspan="1">1563604820469</td><td rowspan="1">2457</td></tr></tbody>
<tbody id="t3"><tr><th colspan="4">Fiefox_local &#8212; passed</th></tr><tr class="passedeven"><td rowspan="1">com.automationcalling.testsuites.BasicTests</td><td><a href="#m5">articleLinkTest</a></td><td rowspan="1">1563604819074</td><td rowspan="1">2479</td></tr></tbody>
</table>
<h2>edge_local</h2><h3 id="m0">com.automationcalling.testsuites.BasicTests#init</h3><table class="result"><tr class="param"><th>Parameter #1</th><th>Parameter #2</th></tr><tr class="param stripe"><td>edge</td><td>local</td></tr><tr><th colspan="2">Exception</th></tr><tr><td colspan="2"><div class="stacktrace">io.github.bonigarcia.wdm.WebDriverManagerException: io.github.bonigarcia.wdm.WebDriverManagerException: MicrosoftWebDriver 6.17134 for WIN64 not found in https://developer.microsoft.com/en-us/microsoft-edge/tools/webdriver/
	at io.github.bonigarcia.wdm.WebDriverManager.handleException(WebDriverManager.java:715)
	at io.github.bonigarcia.wdm.WebDriverManager.manage(WebDriverManager.java:540)
	at io.github.bonigarcia.wdm.WebDriverManager.handleException(WebDriverManager.java:712)
	at io.github.bonigarcia.wdm.WebDriverManager.manage(WebDriverManager.java:540)
	at io.github.bonigarcia.wdm.WebDriverManager.setup(WebDriverManager.java:260)
	at com.automationcalling.seleniumcore.DriverFactory.initializeLocalDriver(DriverFactory.java:95)
	at com.automationcalling.seleniumcore.DriverFactory.getBrowserInit(DriverFactory.java:31)
	at com.automationcalling.seleniumcore.SeleniumUtil.returnDriver(SeleniumUtil.java:12)
	at com.automation.pagefactory.Automationcallinghome.&lt;init&gt;(Automationcallinghome.java:20)
	at com.automationcalling.testsuites.BasicTests.init(BasicTests.java:19)
	at java.util.concurrent.FutureTask.run(FutureTask.java:266)
	at java.util.concurrent.ThreadPoolExecutor.runWorker(ThreadPoolExecutor.java:1142)
	at java.util.concurrent.ThreadPoolExecutor$Worker.run(ThreadPoolExecutor.java:617)
	at java.lang.Thread.run(Thread.java:745)
Caused by: io.github.bonigarcia.wdm.WebDriverManagerException: MicrosoftWebDriver 6.17134 for WIN64 not found in https://developer.microsoft.com/en-us/microsoft-edge/tools/webdriver/
	at io.github.bonigarcia.wdm.WebDriverManager.manage(WebDriverManager.java:533)
	... 29 more
... Removed 17 stack frames</div></td></tr></table><p class="totop"><a href="#summary">back to summary</a></p>
<h3 id="m1">com.automationcalling.testsuites.BasicTests#tearDown</h3><table class="result"><tr><th class="invisible"/></tr></table><p class="totop"><a href="#summary">back to summary</a></p>
<h3 id="m2">com.automationcalling.testsuites.BasicTests#articleLinkTest</h3><table class="result"><tr><th>Exception</th></tr><tr><td><div class="stacktrace">io.github.bonigarcia.wdm.WebDriverManagerException: io.github.bonigarcia.wdm.WebDriverManagerException: MicrosoftWebDriver 6.17134 for WIN64 not found in https://developer.microsoft.com/en-us/microsoft-edge/tools/webdriver/
	at io.github.bonigarcia.wdm.WebDriverManager.handleException(WebDriverManager.java:715)
	at io.github.bonigarcia.wdm.WebDriverManager.manage(WebDriverManager.java:540)
	at io.github.bonigarcia.wdm.WebDriverManager.handleException(WebDriverManager.java:712)
	at io.github.bonigarcia.wdm.WebDriverManager.manage(WebDriverManager.java:540)
	at io.github.bonigarcia.wdm.WebDriverManager.setup(WebDriverManager.java:260)
	at com.automationcalling.seleniumcore.DriverFactory.initializeLocalDriver(DriverFactory.java:95)
	at com.automationcalling.seleniumcore.DriverFactory.getBrowserInit(DriverFactory.java:31)
	at com.automationcalling.seleniumcore.SeleniumUtil.returnDriver(SeleniumUtil.java:12)
	at com.automation.pagefactory.Automationcallinghome.&lt;init&gt;(Automationcallinghome.java:20)
	at com.automationcalling.testsuites.BasicTests.init(BasicTests.java:19)
	at java.util.concurrent.FutureTask.run(FutureTask.java:266)
	at java.util.concurrent.ThreadPoolExecutor.runWorker(ThreadPoolExecutor.java:1142)
	at java.util.concurrent.ThreadPoolExecutor$Worker.run(ThreadPoolExecutor.java:617)
	at java.lang.Thread.run(Thread.java:745)
Caused by: io.github.bonigarcia.wdm.WebDriverManagerException: MicrosoftWebDriver 6.17134 for WIN64 not found in https://developer.microsoft.com/en-us/microsoft-edge/tools/webdriver/
	at io.github.bonigarcia.wdm.WebDriverManager.manage(WebDriverManager.java:533)
	... 29 more
... Removed 17 stack frames</div></td></tr></table><p class="totop"><a href="#summary">back to summary</a></p>
<h2>safari_cloud</h2><h3 id="m3">com.automationcalling.testsuites.BasicTests#articleLinkTest</h3><table class="result"><tr><th class="invisible"/></tr></table><p class="totop"><a href="#summary">back to summary</a></p>
<h2>chrome_local</h2><h3 id="m4">com.automationcalling.testsuites.BasicTests#articleLinkTest</h3><table class="result"><tr><th class="invisible"/></tr></table><p class="totop"><a href="#summary">back to summary</a></p>
<h2>Fiefox_local</h2><h3 id="m5">com.automationcalling.testsuites.BasicTests#articleLinkTest</h3><table class="result"><tr><th class="invisible"/></tr></table><p class="totop"><a href="#summary">back to summary</a></p>
</body>
</html>
