<?xml version="1.0" encoding="UTF-8"?>
<testng-results skipped="1" failed="0" ignored="0" total="4" passed="3">
  <reporter-output>
  </reporter-output>
  <suite name="ParallelAutomation" duration-ms="33713" started-at="2019-07-20T06:39:51Z" finished-at="2019-07-20T06:40:25Z">
    <groups>
    </groups>
    <test name="edge_local" duration-ms="11276" started-at="2019-07-20T06:39:51Z" finished-at="2019-07-20T06:40:03Z">
      <class name="com.automationcalling.testsuites.BasicTests">
        <test-method status="FAIL" signature="init(java.lang.String, java.lang.String)[pri:0, instance:com.automationcalling.testsuites.BasicTests@2f943d71]" name="init" is-config="true" duration-ms="11230" started-at="2019-07-20T06:39:51Z" finished-at="2019-07-20T06:40:03Z">
          <params>
            <param index="0">
              <value>
                <![CDATA[edge]]>
              </value>
            </param>
            <param index="1">
              <value>
                <![CDATA[local]]>
              </value>
            </param>
          </params>
          <exception class="io.github.bonigarcia.wdm.WebDriverManagerException">
            <message>
              <![CDATA[io.github.bonigarcia.wdm.WebDriverManagerException: MicrosoftWebDriver 6.17134 for WIN64 not found in https://developer.microsoft.com/en-us/microsoft-edge/tools/webdriver/]]>
            </message>
            <full-stacktrace>
              <![CDATA[io.github.bonigarcia.wdm.WebDriverManagerException: io.github.bonigarcia.wdm.WebDriverManagerException: MicrosoftWebDriver 6.17134 for WIN64 not found in https://developer.microsoft.com/en-us/microsoft-edge/tools/webdriver/
at io.github.bonigarcia.wdm.WebDriverManager.handleException(WebDriverManager.java:715)
at io.github.bonigarcia.wdm.WebDriverManager.manage(WebDriverManager.java:540)
at io.github.bonigarcia.wdm.WebDriverManager.handleException(WebDriverManager.java:712)
at io.github.bonigarcia.wdm.WebDriverManager.manage(WebDriverManager.java:540)
at io.github.bonigarcia.wdm.WebDriverManager.setup(WebDriverManager.java:260)
at com.automationcalling.seleniumcore.DriverFactory.initializeLocalDriver(DriverFactory.java:95)
at com.automationcalling.seleniumcore.DriverFactory.getBrowserInit(DriverFactory.java:31)
at com.automationcalling.seleniumcore.SeleniumUtil.returnDriver(SeleniumUtil.java:12)
at com.automation.pagefactory.Automationcallinghome.<init>(Automationcallinghome.java:20)
at com.automationcalling.testsuites.BasicTests.init(BasicTests.java:19)
at sun.reflect.NativeMethodAccessorImpl.invoke0(Native Method)
at sun.reflect.NativeMethodAccessorImpl.invoke(NativeMethodAccessorImpl.java:62)
at sun.reflect.DelegatingMethodAccessorImpl.invoke(DelegatingMethodAccessorImpl.java:43)
at java.lang.reflect.Method.invoke(Method.java:498)
at org.testng.internal.MethodInvocationHelper.invokeMethod(MethodInvocationHelper.java:124)
at org.testng.internal.MethodInvocationHelper.invokeMethodConsideringTimeout(MethodInvocationHelper.java:59)
at org.testng.internal.Invoker.invokeConfigurationMethod(Invoker.java:458)
at org.testng.internal.Invoker.invokeConfigurations(Invoker.java:222)
at org.testng.internal.Invoker.invokeConfigurations(Invoker.java:142)
at org.testng.internal.TestMethodWorker.invokeBeforeClassMethods(TestMethodWorker.java:168)
at org.testng.internal.TestMethodWorker.run(TestMethodWorker.java:105)
at org.testng.TestRunner.privateRun(TestRunner.java:648)
at org.testng.TestRunner.run(TestRunner.java:505)
at org.testng.SuiteRunner.runTest(SuiteRunner.java:455)
at org.testng.SuiteRunner.access$000(SuiteRunner.java:40)
at org.testng.SuiteRunner$SuiteWorker.run(SuiteRunner.java:489)
at org.testng.internal.thread.ThreadUtil$1.call(ThreadUtil.java:52)
at java.util.concurrent.FutureTask.run(FutureTask.java:266)
at java.util.concurrent.ThreadPoolExecutor.runWorker(ThreadPoolExecutor.java:1142)
at java.util.concurrent.ThreadPoolExecutor$Worker.run(ThreadPoolExecutor.java:617)
at java.lang.Thread.run(Thread.java:745)
Caused by: io.github.bonigarcia.wdm.WebDriverManagerException: MicrosoftWebDriver 6.17134 for WIN64 not found in https://developer.microsoft.com/en-us/microsoft-edge/tools/webdriver/
at io.github.bonigarcia.wdm.WebDriverManager.manage(WebDriverManager.java:533)
... 29 more
]]>
            </full-stacktrace>
          </exception> <!-- io.github.bonigarcia.wdm.WebDriverManagerException -->
          <reporter-output>
          </reporter-output>
        </test-method> <!-- init -->
        <test-method status="SKIP" signature="tearDown()[pri:0, instance:com.automationcalling.testsuites.BasicTests@2f943d71]" name="tearDown" is-config="true" duration-ms="0" started-at="2019-07-20T06:40:03Z" finished-at="2019-07-20T06:40:03Z">
          <reporter-output>
          </reporter-output>
        </test-method> <!-- tearDown -->
        <test-method status="SKIP" signature="articleLinkTest()[pri:0, instance:com.automationcalling.testsuites.BasicTests@2f943d71]" name="articleLinkTest" duration-ms="0" started-at="2019-07-20T06:40:03Z" finished-at="2019-07-20T06:40:03Z">
          <exception class="io.github.bonigarcia.wdm.WebDriverManagerException">
            <message>
              <![CDATA[io.github.bonigarcia.wdm.WebDriverManagerException: MicrosoftWebDriver 6.17134 for WIN64 not found in https://developer.microsoft.com/en-us/microsoft-edge/tools/webdriver/]]>
            </message>
            <full-stacktrace>
              <![CDATA[io.github.bonigarcia.wdm.WebDriverManagerException: io.github.bonigarcia.wdm.WebDriverManagerException: MicrosoftWebDriver 6.17134 for WIN64 not found in https://developer.microsoft.com/en-us/microsoft-edge/tools/webdriver/
at io.github.bonigarcia.wdm.WebDriverManager.handleException(WebDriverManager.java:715)
at io.github.bonigarcia.wdm.WebDriverManager.manage(WebDriverManager.java:540)
at io.github.bonigarcia.wdm.WebDriverManager.handleException(WebDriverManager.java:712)
at io.github.bonigarcia.wdm.WebDriverManager.manage(WebDriverManager.java:540)
at io.github.bonigarcia.wdm.WebDriverManager.setup(WebDriverManager.java:260)
at com.automationcalling.seleniumcore.DriverFactory.initializeLocalDriver(DriverFactory.java:95)
at com.automationcalling.seleniumcore.DriverFactory.getBrowserInit(DriverFactory.java:31)
at com.automationcalling.seleniumcore.SeleniumUtil.returnDriver(SeleniumUtil.java:12)
at com.automation.pagefactory.Automationcallinghome.<init>(Automationcallinghome.java:20)
at com.automationcalling.testsuites.BasicTests.init(BasicTests.java:19)
at sun.reflect.NativeMethodAccessorImpl.invoke0(Native Method)
at sun.reflect.NativeMethodAccessorImpl.invoke(NativeMethodAccessorImpl.java:62)
at sun.reflect.DelegatingMethodAccessorImpl.invoke(DelegatingMethodAccessorImpl.java:43)
at java.lang.reflect.Method.invoke(Method.java:498)
at org.testng.internal.MethodInvocationHelper.invokeMethod(MethodInvocationHelper.java:124)
at org.testng.internal.MethodInvocationHelper.invokeMethodConsideringTimeout(MethodInvocationHelper.java:59)
at org.testng.internal.Invoker.invokeConfigurationMethod(Invoker.java:458)
at org.testng.internal.Invoker.invokeConfigurations(Invoker.java:222)
at org.testng.internal.Invoker.invokeConfigurations(Invoker.java:142)
at org.testng.internal.TestMethodWorker.invokeBeforeClassMethods(TestMethodWorker.java:168)
at org.testng.internal.TestMethodWorker.run(TestMethodWorker.java:105)
at org.testng.TestRunner.privateRun(TestRunner.java:648)
at org.testng.TestRunner.run(TestRunner.java:505)
at org.testng.SuiteRunner.runTest(SuiteRunner.java:455)
at org.testng.SuiteRunner.access$000(SuiteRunner.java:40)
at org.testng.SuiteRunner$SuiteWorker.run(SuiteRunner.java:489)
at org.testng.internal.thread.ThreadUtil$1.call(ThreadUtil.java:52)
at java.util.concurrent.FutureTask.run(FutureTask.java:266)
at java.util.concurrent.ThreadPoolExecutor.runWorker(ThreadPoolExecutor.java:1142)
at java.util.concurrent.ThreadPoolExecutor$Worker.run(ThreadPoolExecutor.java:617)
at java.lang.Thread.run(Thread.java:745)
Caused by: io.github.bonigarcia.wdm.WebDriverManagerException: MicrosoftWebDriver 6.17134 for WIN64 not found in https://developer.microsoft.com/en-us/microsoft-edge/tools/webdriver/
at io.github.bonigarcia.wdm.WebDriverManager.manage(WebDriverManager.java:533)
... 29 more
]]>
            </full-stacktrace>
          </exception> <!-- io.github.bonigarcia.wdm.WebDriverManagerException -->
          <reporter-output>
          </reporter-output>
        </test-method> <!-- articleLinkTest -->
      </class> <!-- com.automationcalling.testsuites.BasicTests -->
    </test> <!-- edge_local -->
    <test name="safari_cloud" duration-ms="16845" started-at="2019-07-20T06:39:51Z" finished-at="2019-07-20T06:40:08Z">
      <class name="com.automationcalling.testsuites.BasicTests">
        <test-method status="PASS" signature="init(java.lang.String, java.lang.String)[pri:0, instance:com.automationcalling.testsuites.BasicTests@2a556333]" name="init" is-config="true" duration-ms="15439" started-at="2019-07-20T06:39:51Z" finished-at="2019-07-20T06:40:07Z">
          <params>
            <param index="0">
              <value>
                <![CDATA[safari]]>
              </value>
            </param>
            <param index="1">
              <value>
                <![CDATA[cloud]]>
              </value>
            </param>
          </params>
          <reporter-output>
          </reporter-output>
        </test-method> <!-- init -->
        <test-method status="PASS" signature="articleLinkTest()[pri:0, instance:com.automationcalling.testsuites.BasicTests@2a556333]" name="articleLinkTest" duration-ms="1212" started-at="2019-07-20T06:40:07Z" finished-at="2019-07-20T06:40:08Z">
          <reporter-output>
          </reporter-output>
        </test-method> <!-- articleLinkTest -->
        <test-method status="PASS" signature="tearDown()[pri:0, instance:com.automationcalling.testsuites.BasicTests@2a556333]" name="tearDown" is-config="true" duration-ms="182" started-at="2019-07-20T06:40:08Z" finished-at="2019-07-20T06:40:08Z">
          <reporter-output>
          </reporter-output>
        </test-method> <!-- tearDown -->
      </class> <!-- com.automationcalling.testsuites.BasicTests -->
    </test> <!-- safari_cloud -->
    <test name="chrome_local" duration-ms="32192" started-at="2019-07-20T06:39:51Z" finished-at="2019-07-20T06:40:24Z">
      <class name="com.automationcalling.testsuites.BasicTests">
        <test-method status="PASS" signature="init(java.lang.String, java.lang.String)[pri:0, instance:com.automationcalling.testsuites.BasicTests@6acdbdf5]" name="init" is-config="true" duration-ms="28581" started-at="2019-07-20T06:39:51Z" finished-at="2019-07-20T06:40:20Z">
          <params>
            <param index="0">
              <value>
                <![CDATA[chrome]]>
              </value>
            </param>
            <param index="1">
              <value>
                <![CDATA[local]]>
              </value>
            </param>
          </params>
          <reporter-output>
          </reporter-output>
        </test-method> <!-- init -->
        <test-method status="PASS" signature="articleLinkTest()[pri:0, instance:com.automationcalling.testsuites.BasicTests@6acdbdf5]" name="articleLinkTest" duration-ms="2457" started-at="2019-07-20T06:40:20Z" finished-at="2019-07-20T06:40:22Z">
          <reporter-output>
          </reporter-output>
        </test-method> <!-- articleLinkTest -->
        <test-method status="PASS" signature="tearDown()[pri:0, instance:com.automationcalling.testsuites.BasicTests@6acdbdf5]" name="tearDown" is-config="true" duration-ms="1140" started-at="2019-07-20T06:40:22Z" finished-at="2019-07-20T06:40:24Z">
          <reporter-output>
          </reporter-output>
        </test-method> <!-- tearDown -->
      </class> <!-- com.automationcalling.testsuites.BasicTests -->
    </test> <!-- chrome_local -->
    <test name="Fiefox_local" duration-ms="33713" started-at="2019-07-20T06:39:51Z" finished-at="2019-07-20T06:40:25Z">
      <class name="com.automationcalling.testsuites.BasicTests">
        <test-method status="PASS" signature="init(java.lang.String, java.lang.String)[pri:0, instance:com.automationcalling.testsuites.BasicTests@7a765367]" name="init" is-config="true" duration-ms="27185" started-at="2019-07-20T06:39:51Z" finished-at="2019-07-20T06:40:19Z">
          <params>
            <param index="0">
              <value>
                <![CDATA[firefox]]>
              </value>
            </param>
            <param index="1">
              <value>
                <![CDATA[local]]>
              </value>
            </param>
          </params>
          <reporter-output>
          </reporter-output>
        </test-method> <!-- init -->
        <test-method status="PASS" signature="articleLinkTest()[pri:0, instance:com.automationcalling.testsuites.BasicTests@7a765367]" name="articleLinkTest" duration-ms="2479" started-at="2019-07-20T06:40:19Z" finished-at="2019-07-20T06:40:21Z">
          <reporter-output>
          </reporter-output>
        </test-method> <!-- articleLinkTest -->
        <test-method status="PASS" signature="tearDown()[pri:0, instance:com.automationcalling.testsuites.BasicTests@7a765367]" name="tearDown" is-config="true" duration-ms="4036" started-at="2019-07-20T06:40:21Z" finished-at="2019-07-20T06:40:25Z">
          <reporter-output>
          </reporter-output>
        </test-method> <!-- tearDown -->
      </class> <!-- com.automationcalling.testsuites.BasicTests -->
    </test> <!-- Fiefox_local -->
  </suite> <!-- ParallelAutomation -->
</testng-results>
